2024-08-08 21:23:51 [main] INFO  - Starting OpenSchoolHomeWorkAopApplication using Java 17.0.9 with PID 11936 (C:\Users\trish\IdeaProjects\OpenSchoolHomeWorkAOP\target\classes started by trish in C:\Users\trish\IdeaProjects\OpenSchoolHomeWorkAOP)
2024-08-08 21:23:51 [main] INFO  - No active profile set, falling back to 1 default profile: "default"
2024-08-08 21:23:52 [main] INFO  - Bootstrapping Spring Data JPA repositories in DEFAULT mode.
2024-08-08 21:23:52 [main] INFO  - Finished Spring Data repository scanning in 63 ms. Found 2 JPA repository interfaces.
2024-08-08 21:23:53 [main] INFO  - Tomcat initialized with port 8080 (http)
2024-08-08 21:23:53 [main] INFO  - Initializing ProtocolHandler ["http-nio-8080"]
2024-08-08 21:23:53 [main] INFO  - Starting service [Tomcat]
2024-08-08 21:23:53 [main] INFO  - Starting Servlet engine: [Apache Tomcat/10.1.26]
2024-08-08 21:23:53 [main] INFO  - Initializing Spring embedded WebApplicationContext
2024-08-08 21:23:53 [main] INFO  - Root WebApplicationContext: initialization completed in 1929 ms
2024-08-08 21:23:53 [main] INFO  - HHH000204: Processing PersistenceUnitInfo [name: default]
2024-08-08 21:23:53 [main] INFO  - HHH000412: Hibernate ORM core version 6.5.2.Final
2024-08-08 21:23:53 [main] INFO  - HHH000026: Second-level cache disabled
2024-08-08 21:23:54 [main] INFO  - No LoadTimeWeaver setup: ignoring JPA class transformer
2024-08-08 21:23:54 [main] INFO  - HikariPool-1 - Starting...
2024-08-08 21:23:54 [main] INFO  - HikariPool-1 - Added connection org.postgresql.jdbc.PgConnection@160c7c42
2024-08-08 21:23:54 [main] INFO  - HikariPool-1 - Start completed.
2024-08-08 21:23:54 [main] WARN  - HHH90000025: PostgreSQLDialect does not need to be specified explicitly using 'hibernate.dialect' (remove the property setting and it will be selected by default)
2024-08-08 21:23:55 [main] INFO  - HHH000489: No JTA platform available (set 'hibernate.transaction.jta.platform' to enable JTA platform integration)
2024-08-08 21:23:55 [main] INFO  - Initialized JPA EntityManagerFactory for persistence unit 'default'
2024-08-08 21:23:56 [main] WARN  - spring.jpa.open-in-view is enabled by default. Therefore, database queries may be performed during view rendering. Explicitly configure spring.jpa.open-in-view to disable this warning
2024-08-08 21:23:57 [main] INFO  - Starting ProtocolHandler ["http-nio-8080"]
2024-08-08 21:23:57 [main] INFO  - Tomcat started on port 8080 (http) with context path '/'
2024-08-08 21:23:57 [main] INFO  - Started OpenSchoolHomeWorkAopApplication in 6.606 seconds (process running for 8.111)
2024-08-08 21:24:02 [http-nio-8080-exec-1] INFO  - Initializing Spring DispatcherServlet 'dispatcherServlet'
2024-08-08 21:24:02 [http-nio-8080-exec-1] INFO  - Initializing Servlet 'dispatcherServlet'
2024-08-08 21:24:02 [http-nio-8080-exec-1] INFO  - Completed initialization in 0 ms
2024-08-08 21:24:02 [http-nio-8080-exec-1] INFO  - Вызов метода addOrder
2024-08-08 21:24:02 [http-nio-8080-exec-1] INFO  - Параметр 1: Order{id=null, description='Check', orderStatus=ACCEPTED, user=User{id=1, name='null', email='null', orders=null}}
2024-08-08 21:24:06 [SpringApplicationShutdownHook] INFO  - Closing JPA EntityManagerFactory for persistence unit 'default'
2024-08-08 21:24:06 [SpringApplicationShutdownHook] INFO  - HikariPool-1 - Shutdown initiated...
2024-08-08 21:24:06 [SpringApplicationShutdownHook] INFO  - HikariPool-1 - Shutdown completed.
